<?xml version="1.0" encoding="UTF-8"?>
<!-- Generated by org.testng.reporters.JUnitReportReporter -->
<testsuite hostname="Supakans-MBP" failures="0" tests="9" name="petStoreApiTests.PetStoreApiTests" time="4.324" errors="0" timestamp="2023-01-09T21:28:35 EST" skipped="0">
  <testcase classname="petStoreApiTests.PetStoreApiTests" name="postAPet" time="0.149"/>
  <system-out/>
  <testcase classname="petStoreApiTests.PetStoreApiTests" name="createCatWithJsonFile" time="0.209"/>
  <system-out/>
  <testcase classname="petStoreApiTests.PetStoreApiTests" name="postACat" time="0.166"/>
  <system-out/>
  <testcase classname="petStoreApiTests.PetStoreApiTests" name="updateCat" time="0.135"/>
  <system-out/>
  <testcase classname="petStoreApiTests.PetStoreApiTests" name="chainValidation" time="2.979"/>
  <system-out/>
  <testcase classname="petStoreApiTests.PetStoreApiTests" name="findPetByStatus" time="0.140"/>
  <system-out/>
  <testcase classname="petStoreApiTests.PetStoreApiTests" name="invalidIdUpdateCat" time="0.177"/>
  <system-out/>
  <testcase classname="petStoreApiTests.PetStoreApiTests" name="getById" time="0.264"/>
  <system-out/>
  <testcase classname="petStoreApiTests.PetStoreApiTests" name="getPetById" time="0.105"/>
  <system-out/>
</testsuite> <!-- petStoreApiTests.PetStoreApiTests -->
